<?xml version="1.0" encoding="UTF-8"?>
<testsuite xmlns:xsi="http://www.w3.org/2001/XMLSchema-instance" xsi:noNamespaceSchemaLocation="https://maven.apache.org/surefire/maven-surefire-plugin/xsd/surefire-test-report.xsd" version="3.0.2" name="jsanca.katabasis.core.internal.execution.DownloadExecutorsTest" time="0.612" tests="3" errors="0" skipped="0" failures="0">
  <properties>
[...]
</properties>
  <testcase name="shouldThrowOnNullTask" classname="jsanca.katabasis.core.internal.execution.DownloadExecutorsTest" time="0.002"/>
  <testcase name="shouldExecuteTasksUsingVirtualThreads" classname="jsanca.katabasis.core.internal.execution.DownloadExecutorsTest" time="0.003"/>
  <testcase name="shouldRespectConcurrencyLimit" classname="jsanca.katabasis.core.internal.execution.DownloadExecutorsTest" time="0.606"/>
</testsuite>